2025-02-08 19:29:18,742 ERROR: Exception on /reset_password_request [POST] [in /Users/stephentrento/flask_app/.venv/lib/python3.13/site-packages/flask/app.py:875]
Traceback (most recent call last):
  File "/Users/stephentrento/flask_app/.venv/lib/python3.13/site-packages/flask/app.py", line 1511, in wsgi_app
    response = self.full_dispatch_request()
  File "/Users/stephentrento/flask_app/.venv/lib/python3.13/site-packages/flask/app.py", line 919, in full_dispatch_request
    rv = self.handle_user_exception(e)
  File "/Users/stephentrento/flask_app/.venv/lib/python3.13/site-packages/flask/app.py", line 917, in full_dispatch_request
    rv = self.dispatch_request()
  File "/Users/stephentrento/flask_app/.venv/lib/python3.13/site-packages/flask/app.py", line 902, in dispatch_request
    return self.ensure_sync(self.view_functions[rule.endpoint])(**view_args)  # type: ignore[no-any-return]
           ~~~~~~~~~~~~~~~~~~~~~~~~~~~~~~~~~~~~~~~~~~~~~~~~~~~~^^^^^^^^^^^^^
  File "/Users/stephentrento/flask_app/app/routes.py", line 309, in reset_password_request
    send_password_reset_email(user) # if there is such an email given by the user, send an automated email
    ~~~~~~~~~~~~~~~~~~~~~~~~~^^^^^^
  File "/Users/stephentrento/flask_app/app/email.py", line 24, in send_password_reset_email
    text_body=render_template('email/reset_password.txt',
              ~~~~~~~~~~~~~~~^^^^^^^^^^^^^^^^^^^^^^^^^^^^
                              user=user, token=token),
                              ^^^^^^^^^^^^^^^^^^^^^^^
  File "/Users/stephentrento/flask_app/.venv/lib/python3.13/site-packages/flask/templating.py", line 149, in render_template
    template = app.jinja_env.get_or_select_template(template_name_or_list)
  File "/Users/stephentrento/flask_app/.venv/lib/python3.13/site-packages/jinja2/environment.py", line 1087, in get_or_select_template
    return self.get_template(template_name_or_list, parent, globals)
           ~~~~~~~~~~~~~~~~~^^^^^^^^^^^^^^^^^^^^^^^^^^^^^^^^^^^^^^^^
  File "/Users/stephentrento/flask_app/.venv/lib/python3.13/site-packages/jinja2/environment.py", line 1016, in get_template
    return self._load_template(name, globals)
           ~~~~~~~~~~~~~~~~~~~^^^^^^^^^^^^^^^
  File "/Users/stephentrento/flask_app/.venv/lib/python3.13/site-packages/jinja2/environment.py", line 975, in _load_template
    template = self.loader.load(self, name, self.make_globals(globals))
  File "/Users/stephentrento/flask_app/.venv/lib/python3.13/site-packages/jinja2/loaders.py", line 126, in load
    source, filename, uptodate = self.get_source(environment, name)
                                 ~~~~~~~~~~~~~~~^^^^^^^^^^^^^^^^^^^
  File "/Users/stephentrento/flask_app/.venv/lib/python3.13/site-packages/flask/templating.py", line 65, in get_source
    return self._get_source_fast(environment, template)
           ~~~~~~~~~~~~~~~~~~~~~^^^^^^^^^^^^^^^^^^^^^^^
  File "/Users/stephentrento/flask_app/.venv/lib/python3.13/site-packages/flask/templating.py", line 99, in _get_source_fast
    raise TemplateNotFound(template)
jinja2.exceptions.TemplateNotFound: email/reset_password.txt
2025-02-08 19:30:41,948 INFO: Microblog startup [in /Users/stephentrento/flask_app/app/__init__.py:51]
2025-02-08 21:05:18,572 INFO: Microblog startup [in /Users/stephentrento/flask_app/app/__init__.py:51]
2025-02-08 21:20:26,340 INFO: Microblog startup [in /Users/stephentrento/flask_app/app/__init__.py:51]
2025-02-09 12:02:45,981 INFO: Microblog startup [in /Users/stephentrento/flask_app/app/__init__.py:51]
2025-02-09 12:03:59,663 INFO: Microblog startup [in /Users/stephentrento/flask_app/app/__init__.py:51]
2025-02-09 12:04:26,721 INFO: Microblog startup [in /Users/stephentrento/flask_app/app/__init__.py:51]
2025-02-09 12:04:58,874 INFO: Microblog startup [in /Users/stephentrento/flask_app/app/__init__.py:51]
2025-02-09 12:09:47,655 INFO: Microblog startup [in /Users/stephentrento/flask_app/app/__init__.py:51]
2025-02-09 12:09:59,802 INFO: Microblog startup [in /Users/stephentrento/flask_app/app/__init__.py:51]
2025-02-09 12:12:44,761 INFO: Microblog startup [in /Users/stephentrento/flask_app/app/__init__.py:51]
2025-02-09 12:17:16,230 INFO: Microblog startup [in /Users/stephentrento/flask_app/app/__init__.py:51]
2025-02-09 12:18:48,491 INFO: Microblog startup [in /Users/stephentrento/flask_app/app/__init__.py:51]
2025-02-09 12:19:08,239 INFO: Microblog startup [in /Users/stephentrento/flask_app/app/__init__.py:51]
2025-02-09 12:19:23,643 INFO: Microblog startup [in /Users/stephentrento/flask_app/app/__init__.py:51]
2025-02-09 12:20:32,453 INFO: Microblog startup [in /Users/stephentrento/flask_app/app/__init__.py:51]
2025-02-09 12:20:46,720 INFO: Microblog startup [in /Users/stephentrento/flask_app/app/__init__.py:51]
2025-02-09 12:21:49,588 INFO: Microblog startup [in /Users/stephentrento/flask_app/app/__init__.py:51]
2025-02-09 12:23:31,979 INFO: Microblog startup [in /Users/stephentrento/flask_app/app/__init__.py:51]
2025-02-09 12:25:13,449 INFO: Microblog startup [in /Users/stephentrento/flask_app/app/__init__.py:51]
2025-02-09 12:26:35,272 INFO: Microblog startup [in /Users/stephentrento/flask_app/app/__init__.py:51]
